<?xml version="1.0" encoding="UTF-8"?>
<!-- Generated by org.testng.reporters.JUnitReportReporter -->
<testsuite hostname="BDC7-L-72000NF" failures="0" tests="2" name="salesforceTestCases.AccountsTest" time="31.134" errors="0" timestamp="2020-01-19T23:16:28 IST" skipped="0">
  <testcase classname="salesforceTestCases.AccountsTest" name="goToAccountPage" time="18.659"/>
  <testcase classname="salesforceTestCases.AccountsTest" name="createanAccount" time="12.475"/>
</testsuite> <!-- salesforceTestCases.AccountsTest -->
