<?xml version="1.0" encoding="UTF-8"?>
<!-- Generated by org.testng.reporters.JUnitReportReporter -->
<testsuite hostname="BDC7-L-72000NF" failures="0" tests="3" name="salesforceTestCases.AccountsTest" time="86.231" errors="0" timestamp="2020-01-20T23:47:53 IST" skipped="0">
  <testcase classname="salesforceTestCases.AccountsTest" name="goToAccountPage" time="66.209"/>
  <testcase classname="salesforceTestCases.AccountsTest" name="createanAccount" time="11.680"/>
  <testcase classname="salesforceTestCases.AccountsTest" name="DeleteanAccount" time="8.342"/>
</testsuite> <!-- salesforceTestCases.AccountsTest -->
