<?xml version="1.0" encoding="UTF-8"?>
<!-- Generated by org.testng.reporters.JUnitReportReporter -->
<testsuite hostname="BDC7-L-72000NF" failures="0" tests="3" name="salesforceTestCases.AccountsTest" time="86.004" errors="0" timestamp="2020-01-20T18:06:46 IST" skipped="0">
  <testcase classname="salesforceTestCases.AccountsTest" name="goToAccountPage" time="58.135"/>
  <testcase classname="salesforceTestCases.AccountsTest" name="createanAccount" time="11.097"/>
  <testcase classname="salesforceTestCases.AccountsTest" name="DeleteanAccount" time="16.772"/>
</testsuite> <!-- salesforceTestCases.AccountsTest -->
