<?xml version="1.0" encoding="UTF-8"?>
<!-- Generated by org.testng.reporters.JUnitReportReporter -->
<testsuite hostname="BDC7-L-72000NF" failures="0" tests="2" name="salesforceTestCases.LoginTest" time="10.247" errors="0" timestamp="2020-01-19T18:00:00 IST" skipped="0">
  <testcase classname="salesforceTestCases.LoginTest" name="SalesforceLogin" time="6.727"/>
  <testcase classname="salesforceTestCases.LoginTest" name="HomePageTest" time="3.520"/>
</testsuite> <!-- salesforceTestCases.LoginTest -->
