<?xml version="1.0" encoding="UTF-8"?>
<!-- Generated by org.testng.reporters.JUnitReportReporter -->
<testsuite hostname="BDC7-L-72000NF" failures="0" tests="3" name="salesforceTestCases.OpportunitiesTest" time="99.863" errors="0" timestamp="2020-01-20T21:12:34 IST" skipped="0">
  <testcase classname="salesforceTestCases.OpportunitiesTest" name="goToOpportunitiesPage" time="76.831"/>
  <testcase classname="salesforceTestCases.OpportunitiesTest" name="createNewOpportunity" time="11.811"/>
  <testcase classname="salesforceTestCases.OpportunitiesTest" name="DeleteOpportunity" time="11.221"/>
</testsuite> <!-- salesforceTestCases.OpportunitiesTest -->
