<?xml version="1.0" encoding="UTF-8"?>
<!-- Generated by org.testng.reporters.JUnitReportReporter -->
<testsuite hostname="BDC7-L-72000NF" failures="0" tests="3" name="salesforceTestCases.LoginTest" time="70.506" errors="0" timestamp="2020-01-20T23:47:53 IST" skipped="0">
  <testcase classname="salesforceTestCases.LoginTest" name="SalesforceLogin" time="68.581"/>
  <testcase classname="salesforceTestCases.LoginTest" name="VerifySalesOrgTest" time="0.029"/>
  <testcase classname="salesforceTestCases.LoginTest" name="logout" time="1.896"/>
</testsuite> <!-- salesforceTestCases.LoginTest -->
