<?xml version="1.0" encoding="UTF-8"?>
<!-- Generated by org.testng.reporters.JUnitReportReporter -->
<testsuite hostname="BDC7-L-72000NF" failures="0" tests="3" name="salesforceTestCases.LoginTest" time="72.575" errors="0" timestamp="2020-01-19T23:16:28 IST" skipped="0">
  <testcase classname="salesforceTestCases.LoginTest" name="SalesforceLogin" time="71.678"/>
  <testcase classname="salesforceTestCases.LoginTest" name="VerifySalesOrgTest" time="0.042"/>
  <testcase classname="salesforceTestCases.LoginTest" name="logout" time="0.855"/>
</testsuite> <!-- salesforceTestCases.LoginTest -->
