<?xml version="1.0" encoding="UTF-8"?>
<!-- Generated by org.testng.reporters.JUnitReportReporter -->
<testsuite hostname="BDC7-L-72000NF" failures="0" tests="3" name="salesforceTestCases.LoginTest" time="74.315" errors="0" timestamp="2020-01-19T22:58:18 IST" skipped="0">
  <testcase classname="salesforceTestCases.LoginTest" name="SalesforceLogin" time="73.446"/>
  <testcase classname="salesforceTestCases.LoginTest" name="VerifySalesOrgTest" time="0.041"/>
  <testcase classname="salesforceTestCases.LoginTest" name="logout" time="0.828"/>
</testsuite> <!-- salesforceTestCases.LoginTest -->
