<?xml version="1.0" encoding="UTF-8"?>
<!-- Generated by org.testng.reporters.JUnitReportReporter -->
<testsuite hostname="BDC7-L-72000NF" failures="0" tests="3" name="salesforceTestCases.OpportunitiesTest" time="110.242" errors="0" timestamp="2020-01-20T23:47:53 IST" skipped="0">
  <testcase classname="salesforceTestCases.OpportunitiesTest" name="goToOpportunitiesPage" time="64.681"/>
  <testcase classname="salesforceTestCases.OpportunitiesTest" name="createNewOpportunity" time="36.209"/>
  <testcase classname="salesforceTestCases.OpportunitiesTest" name="DeleteOpportunity" time="9.352"/>
</testsuite> <!-- salesforceTestCases.OpportunitiesTest -->
