<?xml version="1.0" encoding="UTF-8"?>
<!-- Generated by org.testng.reporters.JUnitReportReporter -->
<testsuite hostname="BDC7-L-72000NF" failures="0" tests="2" name="salesforceTestCases.OpportunitiesTest" time="20.246" errors="0" timestamp="2020-01-19T18:00:00 IST" skipped="0">
  <testcase classname="salesforceTestCases.OpportunitiesTest" name="goToOpportunitiesPage" time="10.887"/>
  <testcase classname="salesforceTestCases.OpportunitiesTest" name="createNewOpportunity" time="9.359"/>
</testsuite> <!-- salesforceTestCases.OpportunitiesTest -->
