<?xml version="1.0" encoding="UTF-8"?>
<!-- Generated by org.testng.reporters.JUnitReportReporter -->
<testsuite hostname="BDC7-L-72000NF" failures="0" tests="2" name="salesforceTestCases.AccountsTest" time="14.666" errors="0" timestamp="2020-01-19T15:18:14 IST" skipped="0">
  <testcase classname="salesforceTestCases.AccountsTest" name="goToAccountPage" time="5.849"/>
  <testcase classname="salesforceTestCases.AccountsTest" name="createanAccount" time="8.817"/>
</testsuite> <!-- salesforceTestCases.AccountsTest -->
