<?xml version="1.0" encoding="UTF-8"?>
<!-- Generated by org.testng.reporters.JUnitReportReporter -->
<testsuite hostname="BDC7-L-72000NF" failures="0" tests="3" name="salesforceTestCases.AccountsTest" time="153.278" errors="0" timestamp="2020-01-20T21:17:04 IST" skipped="0">
  <testcase classname="salesforceTestCases.AccountsTest" name="goToAccountPage" time="117.493"/>
  <testcase classname="salesforceTestCases.AccountsTest" name="createanAccount" time="26.143"/>
  <testcase classname="salesforceTestCases.AccountsTest" name="DeleteanAccount" time="9.642"/>
</testsuite> <!-- salesforceTestCases.AccountsTest -->
