<?xml version="1.0" encoding="UTF-8"?>
<!-- Generated by org.testng.reporters.JUnitReportReporter -->
<testsuite hostname="BDC7-L-72000NF" failures="0" tests="2" name="salesforceTestCases.OpportunitiesTest" time="12.608" errors="0" timestamp="2020-01-19T15:18:14 IST" skipped="0">
  <testcase classname="salesforceTestCases.OpportunitiesTest" name="goToOpportunitiesPage" time="6.895"/>
  <testcase classname="salesforceTestCases.OpportunitiesTest" name="createNewOpportunity" time="5.713"/>
</testsuite> <!-- salesforceTestCases.OpportunitiesTest -->
