<?xml version="1.0" encoding="UTF-8"?>
<!-- Generated by org.testng.reporters.JUnitReportReporter -->
<testsuite hostname="BDC7-L-72000NF" failures="0" tests="2" name="salesforceTestCases.OpportunitiesTest" time="14.196" errors="0" timestamp="2020-01-20T11:51:24 IST" skipped="0">
  <testcase classname="salesforceTestCases.OpportunitiesTest" name="goToOpportunitiesPage" time="7.189"/>
  <testcase classname="salesforceTestCases.OpportunitiesTest" name="createNewOpportunity" time="7.007"/>
</testsuite> <!-- salesforceTestCases.OpportunitiesTest -->
