<?xml version="1.0" encoding="UTF-8"?>
<!-- Generated by org.testng.reporters.JUnitReportReporter -->
<testsuite hostname="BDC7-L-72000NF" failures="0" tests="3" name="salesforceTestCases.LoginTest" time="74.423" errors="0" timestamp="2020-01-20T21:24:55 IST" skipped="0">
  <testcase classname="salesforceTestCases.LoginTest" name="SalesforceLogin" time="73.100"/>
  <testcase classname="salesforceTestCases.LoginTest" name="VerifySalesOrgTest" time="0.091"/>
  <testcase classname="salesforceTestCases.LoginTest" name="logout" time="1.232"/>
</testsuite> <!-- salesforceTestCases.LoginTest -->
