<?xml version="1.0" encoding="UTF-8"?>
<!-- Generated by org.testng.reporters.JUnitReportReporter -->
<testsuite hostname="BDC7-L-72000NF" failures="0" tests="3" name="salesforceTestCases.LoginTest" time="62.564" errors="0" timestamp="2020-01-20T11:51:24 IST" skipped="0">
  <testcase classname="salesforceTestCases.LoginTest" name="SalesforceLogin" time="61.483"/>
  <testcase classname="salesforceTestCases.LoginTest" name="VerifySalesOrgTest" time="0.046"/>
  <testcase classname="salesforceTestCases.LoginTest" name="logout" time="1.035"/>
</testsuite> <!-- salesforceTestCases.LoginTest -->
