<?xml version="1.0" encoding="UTF-8"?>
<!-- Generated by org.testng.reporters.JUnitReportReporter -->
<testsuite hostname="BDC7-L-72000NF" failures="0" tests="2" name="salesforceTestCases.LoginTest" time="6.668" errors="0" timestamp="2020-01-19T15:18:14 IST" skipped="0">
  <testcase classname="salesforceTestCases.LoginTest" name="login1" time="6.610"/>
  <testcase classname="salesforceTestCases.LoginTest" name="Login2" time="0.058"/>
</testsuite> <!-- salesforceTestCases.LoginTest -->
